d:\vscprojects\awb_tool\awb_tool\x64\debug\uic\ui_awb_tool.h
d:\vscprojects\awb_tool\awb_tool\x64\debug\rcc\qrc_awb_tool.cpp
d:\vscprojects\awb_tool\awb_tool\x64\debug\moc\moc_awb_tool.cpp
d:\vscprojects\awb_tool\awb_tool\x64\debug\qrc_awb_tool.obj
d:\vscprojects\awb_tool\awb_tool\x64\debug\moc_awb_tool.obj
d:\vscprojects\awb_tool\awb_tool\x64\debug\vc142.pdb
d:\vscprojects\awb_tool\awb_tool\x64\debug\awb_tool.obj
d:\vscprojects\awb_tool\awb_tool\x64\debug\main.obj
d:\vscprojects\awb_tool\x64\debug\awb_tool.exe
d:\vscprojects\awb_tool\x64\debug\awb_tool.ilk
d:\vscprojects\awb_tool\x64\debug\awb_tool.pdb
d:\vscprojects\awb_tool\awb_tool\x64\debug\awb_tool.tlog\awb_tool.write.1u.tlog
d:\vscprojects\awb_tool\awb_tool\x64\debug\awb_tool.tlog\cl.command.1.tlog
d:\vscprojects\awb_tool\awb_tool\x64\debug\awb_tool.tlog\cl.read.1.tlog
d:\vscprojects\awb_tool\awb_tool\x64\debug\awb_tool.tlog\cl.write.1.tlog
d:\vscprojects\awb_tool\awb_tool\x64\debug\awb_tool.tlog\link.command.1.tlog
d:\vscprojects\awb_tool\awb_tool\x64\debug\awb_tool.tlog\link.read.1.tlog
d:\vscprojects\awb_tool\awb_tool\x64\debug\awb_tool.tlog\link.write.1.tlog
d:\vscprojects\awb_tool\awb_tool\x64\debug\awb_tool.tlog\moc.read.1u.tlog
d:\vscprojects\awb_tool\awb_tool\x64\debug\awb_tool.tlog\moc.write.1u.tlog
d:\vscprojects\awb_tool\awb_tool\x64\debug\awb_tool.tlog\rcc.read.1u.tlog
d:\vscprojects\awb_tool\awb_tool\x64\debug\awb_tool.tlog\rcc.write.1u.tlog
d:\vscprojects\awb_tool\awb_tool\x64\debug\awb_tool.tlog\uic.read.1u.tlog
d:\vscprojects\awb_tool\awb_tool\x64\debug\awb_tool.tlog\uic.write.1u.tlog
